Resource Usage Report
Part: lfe3_35ea-8

Register bits: 332 of 33264 (1%)
PIC Latch:       0
I/O cells:       30

Details:
CCU2C:          77
DCS:            1
FD1P3DX:        164
FD1S3AX:        26
FD1S3BX:        2
FD1S3DX:        72
FD1S3IX:        43
FD1S3JX:        1
GSR:            1
IB:             4
IFS1P3BX:       1
INV:            4
L6MUX21:        105
OB:             26
OFS1P3BX:       4
OFS1P3DX:       19
ORCALUT4:       646
PFUMX:          121
PUR:            1
SP16KC:         72
VHI:            6
VLO:            5
