
edif2ngd  -l "LatticeECP3" -d LFE3-35EA -path "C:/Users/KT/My Projects/dac_interface/lattice_project/dac" -path "C:/Users/KT/My Projects/dac_interface/lattice_project"  "C:/Users/KT/My Projects/dac_interface/lattice_project/dac/dac_dac.edi" "dac_dac.ngo"   
edif2ngd:  version Diamond (64-bit) 3.1.0.96

Copyright (c) 1991-1994 by NeoCAD Inc. All rights reserved.
Copyright (c) 1995 AT&T Corp.   All rights reserved.
Copyright (c) 1995-2001 Lucent Technologies Inc.  All rights reserved.
Copyright (c) 2001 Agere Systems   All rights reserved.
Copyright (c) 2002-2014 Lattice Semiconductor Corporation,  All rights reserved.
    <postMsg mid="1121028" type="Warning" dynamic="1" navigation="0" arg0="AW"  />
Writing the design to dac_dac.ngo...

Total CPU Time: 0 secs  

Total REAL Time: 0 secs  


ngdbuild  -a "LatticeECP3" -d LFE3-35EA  -p "C:/lscc/diamond/3.1_x64/ispfpga/ep5c00/data"  -p "C:/Users/KT/My Projects/dac_interface/lattice_project/dac" -p "C:/Users/KT/My Projects/dac_interface/lattice_project"  "dac_dac.ngo" "dac_dac.ngd"  	
ngdbuild:  version Diamond (64-bit) 3.1.0.96

Copyright (c) 1991-1994 by NeoCAD Inc. All rights reserved.
Copyright (c) 1995 AT&T Corp.   All rights reserved.
Copyright (c) 1995-2001 Lucent Technologies Inc.  All rights reserved.
Copyright (c) 2001 Agere Systems   All rights reserved.
Copyright (c) 2002-2014 Lattice Semiconductor Corporation,  All rights reserved.
Reading 'dac_dac.ngo' ...
Loading NGL library 'C:/lscc/diamond/3.1_x64/ispfpga/ep5c00a/data/ec5alib.ngl'...
Loading NGL library 'C:/lscc/diamond/3.1_x64/ispfpga/ep5c00/data/ep5clib.ngl'...
Loading NGL library 'C:/lscc/diamond/3.1_x64/ispfpga/ep5a00/data/ep5alib.ngl'...
Loading NGL library 'C:/lscc/diamond/3.1_x64/ispfpga/ep5g00/data/ep5glib.ngl'...
Loading NGL library 'C:/lscc/diamond/3.1_x64/ispfpga/or5g00/data/orc5glib.ngl'...


Running DRC...

    <postMsg mid="1166052" type="Warning" dynamic="2" navigation="0" arg0="logical" arg1="bin_byte_count_cry_0_S0[0]"  />
    <postMsg mid="1166052" type="Warning" dynamic="2" navigation="0" arg0="logical" arg1="bin_byte_count_s_0_S1[7]"  />
    <postMsg mid="1166052" type="Warning" dynamic="2" navigation="0" arg0="logical" arg1="bin_byte_count_s_0_COUT[7]"  />
    <postMsg mid="1166052" type="Warning" dynamic="2" navigation="0" arg0="logical" arg1="int_address_cry_0_S0[0]"  />
    <postMsg mid="1166052" type="Warning" dynamic="2" navigation="0" arg0="logical" arg1="int_address_s_0_S1[7]"  />
    <postMsg mid="1166052" type="Warning" dynamic="2" navigation="0" arg0="logical" arg1="int_address_s_0_COUT[7]"  />
    <postMsg mid="1163101" type="Warning" dynamic="1" navigation="0" arg0="6"  />

Design Results:
    314 blocks expanded
complete the first expansion
Writing 'dac_dac.ngd' ...
Total CPU Time: 0 secs  

Total REAL Time: 2 secs  


map -a "LatticeECP3" -p LFE3-35EA -t FTBGA256 -s 6 -oc Commercial   "dac_dac.ngd" -o "dac_dac_map.ncd" -pr "dac_dac.prf" -mp "dac_dac.mrp" "C:/Users/KT/My Projects/dac_interface/lattice_project/dac/source/DAC.lpf"             
map:  version Diamond (64-bit) 3.1.0.96

Copyright (c) 1991-1994 by NeoCAD Inc. All rights reserved.
Copyright (c) 1995 AT&T Corp.   All rights reserved.
Copyright (c) 1995-2001 Lucent Technologies Inc.  All rights reserved.
Copyright (c) 2001 Agere Systems   All rights reserved.
Copyright (c) 2002-2014 Lattice Semiconductor Corporation,  All rights reserved.
   Process the file: dac_dac.ngd
   Picdevice="LFE3-35EA"

   Pictype="FTBGA256"

   Picspeed=6

   Remove unused logic

   Do not produce over sized NCDs.

Part used: LFE3-35EAFTBGA256, Performance used: 6.

    <postMsg mid="1100523" type="Warning" dynamic="2" navigation="2" arg0="C:/Users/KT/My Projects/dac_interface/lattice_project/dac/source/DAC.lpf(10): Semantic error in &quot;FREQUENCY NET &quot;clk_c&quot; 100.000000 MHz ;&quot;: " arg1="clk_c matches no clock nets in the design. " arg2="C:/Users/KT/My Projects/dac_interface/lattice_project/dac/source/DAC.lpf" arg3="10"  />
    <postMsg mid="1100679" type="Warning" dynamic="2" navigation="2" arg0="C:/Users/KT/My Projects/dac_interface/lattice_project/dac/source/DAC.lpf(4): Semantic error in &quot;LOCATE COMP &quot;led0&quot; SITE &quot;Y20&quot; ;&quot;: " arg1="led0" arg2="C:/Users/KT/My Projects/dac_interface/lattice_project/dac/source/DAC.lpf" arg3="4"  />
    <postMsg mid="1100679" type="Warning" dynamic="2" navigation="2" arg0="C:/Users/KT/My Projects/dac_interface/lattice_project/dac/source/DAC.lpf(5): Semantic error in &quot;LOCATE COMP &quot;led1&quot; SITE &quot;AA21&quot; ;&quot;: " arg1="led1" arg2="C:/Users/KT/My Projects/dac_interface/lattice_project/dac/source/DAC.lpf" arg3="5"  />
    <postMsg mid="1100679" type="Warning" dynamic="2" navigation="2" arg0="C:/Users/KT/My Projects/dac_interface/lattice_project/dac/source/DAC.lpf(6): Semantic error in &quot;LOCATE COMP &quot;led2&quot; SITE &quot;U18&quot; ;&quot;: " arg1="led2" arg2="C:/Users/KT/My Projects/dac_interface/lattice_project/dac/source/DAC.lpf" arg3="6"  />
    <postMsg mid="1100679" type="Warning" dynamic="2" navigation="2" arg0="C:/Users/KT/My Projects/dac_interface/lattice_project/dac/source/DAC.lpf(7): Semantic error in &quot;LOCATE COMP &quot;clk&quot; SITE &quot;L5&quot; ;&quot;: " arg1="clk" arg2="C:/Users/KT/My Projects/dac_interface/lattice_project/dac/source/DAC.lpf" arg3="7"  />
    <postMsg mid="1100679" type="Warning" dynamic="2" navigation="2" arg0="C:/Users/KT/My Projects/dac_interface/lattice_project/dac/source/DAC.lpf(8): Semantic error in &quot;LOCATE COMP &quot;rstn&quot; SITE &quot;A21&quot; ;&quot;: " arg1="rstn" arg2="C:/Users/KT/My Projects/dac_interface/lattice_project/dac/source/DAC.lpf" arg3="8"  />
    <postMsg mid="1100679" type="Warning" dynamic="2" navigation="2" arg0="C:/Users/KT/My Projects/dac_interface/lattice_project/dac/source/DAC.lpf(9): Semantic error in &quot;LOCATE COMP &quot;uart_in&quot; SITE &quot;G19&quot; ;&quot;: " arg1="uart_in" arg2="C:/Users/KT/My Projects/dac_interface/lattice_project/dac/source/DAC.lpf" arg3="9"  />
    <postMsg mid="1100679" type="Warning" dynamic="2" navigation="2" arg0="C:/Users/KT/My Projects/dac_interface/lattice_project/dac/source/DAC.lpf(11): Semantic error in &quot;LOCATE COMP &quot;uart_out&quot; SITE &quot;G20&quot; ;&quot;: " arg1="uart_out" arg2="C:/Users/KT/My Projects/dac_interface/lattice_project/dac/source/DAC.lpf" arg3="11"  />
    <postMsg mid="1100679" type="Warning" dynamic="2" navigation="2" arg0="C:/Users/KT/My Projects/dac_interface/lattice_project/dac/source/DAC.lpf(12): Semantic error in &quot;LOCATE COMP &quot;clk_calin_n&quot; SITE &quot;G15&quot; ;&quot;: " arg1="clk_calin_n" arg2="C:/Users/KT/My Projects/dac_interface/lattice_project/dac/source/DAC.lpf" arg3="12"  />
    <postMsg mid="1100679" type="Warning" dynamic="2" navigation="2" arg0="C:/Users/KT/My Projects/dac_interface/lattice_project/dac/source/DAC.lpf(13): Semantic error in &quot;LOCATE COMP &quot;rst_in_n&quot; SITE &quot;D15&quot; ;&quot;: " arg1="rst_in_n" arg2="C:/Users/KT/My Projects/dac_interface/lattice_project/dac/source/DAC.lpf" arg3="13"  />
    <postMsg mid="1100679" type="Warning" dynamic="2" navigation="2" arg0="C:/Users/KT/My Projects/dac_interface/lattice_project/dac/source/DAC.lpf(14): Semantic error in &quot;LOCATE COMP &quot;en_in_n&quot; SITE &quot;C15&quot; ;&quot;: " arg1="en_in_n" arg2="C:/Users/KT/My Projects/dac_interface/lattice_project/dac/source/DAC.lpf" arg3="14"  />
    <postMsg mid="1100679" type="Warning" dynamic="2" navigation="2" arg0="C:/Users/KT/My Projects/dac_interface/lattice_project/dac/source/DAC.lpf(15): Semantic error in &quot;LOCATE COMP &quot;d_in_14&quot; SITE &quot;B11&quot; ;&quot;: " arg1="d_in_14" arg2="C:/Users/KT/My Projects/dac_interface/lattice_project/dac/source/DAC.lpf" arg3="15"  />
    <postMsg mid="1100679" type="Warning" dynamic="2" navigation="2" arg0="C:/Users/KT/My Projects/dac_interface/lattice_project/dac/source/DAC.lpf(16): Semantic error in &quot;LOCATE COMP &quot;d_in_13&quot; SITE &quot;B12&quot; ;&quot;: " arg1="d_in_13" arg2="C:/Users/KT/My Projects/dac_interface/lattice_project/dac/source/DAC.lpf" arg3="16"  />
    <postMsg mid="1100679" type="Warning" dynamic="2" navigation="2" arg0="C:/Users/KT/My Projects/dac_interface/lattice_project/dac/source/DAC.lpf(17): Semantic error in &quot;LOCATE COMP &quot;d_in_12&quot; SITE &quot;A12&quot; ;&quot;: " arg1="d_in_12" arg2="C:/Users/KT/My Projects/dac_interface/lattice_project/dac/source/DAC.lpf" arg3="17"  />
    <postMsg mid="1100679" type="Warning" dynamic="2" navigation="2" arg0="C:/Users/KT/My Projects/dac_interface/lattice_project/dac/source/DAC.lpf(18): Semantic error in &quot;LOCATE COMP &quot;d_in_11&quot; SITE &quot;A13&quot; ;&quot;: " arg1="d_in_11" arg2="C:/Users/KT/My Projects/dac_interface/lattice_project/dac/source/DAC.lpf" arg3="18"  />
    <postMsg mid="1100679" type="Warning" dynamic="2" navigation="2" arg0="C:/Users/KT/My Projects/dac_interface/lattice_project/dac/source/DAC.lpf(19): Semantic error in &quot;LOCATE COMP &quot;d_in_10&quot; SITE &quot;E12&quot; ;&quot;: " arg1="d_in_10" arg2="C:/Users/KT/My Projects/dac_interface/lattice_project/dac/source/DAC.lpf" arg3="19"  />
    <postMsg mid="1100679" type="Warning" dynamic="2" navigation="2" arg0="C:/Users/KT/My Projects/dac_interface/lattice_project/dac/source/DAC.lpf(20): Semantic error in &quot;LOCATE COMP &quot;d_in_9&quot; SITE &quot;E13&quot; ;&quot;: " arg1="d_in_9" arg2="C:/Users/KT/My Projects/dac_interface/lattice_project/dac/source/DAC.lpf" arg3="20"  />
    <postMsg mid="1100679" type="Warning" dynamic="2" navigation="2" arg0="C:/Users/KT/My Projects/dac_interface/lattice_project/dac/source/DAC.lpf(21): Semantic error in &quot;LOCATE COMP &quot;d_in_8&quot; SITE &quot;C13&quot; ;&quot;: " arg1="d_in_8" arg2="C:/Users/KT/My Projects/dac_interface/lattice_project/dac/source/DAC.lpf" arg3="21"  />
    <postMsg mid="1100679" type="Warning" dynamic="2" navigation="2" arg0="C:/Users/KT/My Projects/dac_interface/lattice_project/dac/source/DAC.lpf(22): Semantic error in &quot;LOCATE COMP &quot;clk_out_fpga&quot; SITE &quot;A17&quot; ;&quot;: " arg1="clk_out_fpga" arg2="C:/Users/KT/My Projects/dac_interface/lattice_project/dac/source/DAC.lpf" arg3="22"  />
    <postMsg mid="1100644" type="Warning" dynamic="2" navigation="2" arg0="C:/Users/KT/My Projects/dac_interface/lattice_project/dac/source/DAC.lpf(23): Semantic error in &quot;IOBUF PORT &quot;clk_out_fpga&quot; IO_TYPE=LVCMOS33 SLEWRATE=SLOW PULLMODE=UP DRIVE=20 ;&quot;: " arg1="clk_out_fpga" arg2="C:/Users/KT/My Projects/dac_interface/lattice_project/dac/source/DAC.lpf" arg3="23"  />
    <postMsg mid="1100679" type="Warning" dynamic="2" navigation="2" arg0="C:/Users/KT/My Projects/dac_interface/lattice_project/dac/source/DAC.lpf(24): Semantic error in &quot;LOCATE COMP &quot;adr_2&quot; SITE &quot;G14&quot; ;&quot;: " arg1="adr_2" arg2="C:/Users/KT/My Projects/dac_interface/lattice_project/dac/source/DAC.lpf" arg3="24"  />
    <postMsg mid="1100679" type="Warning" dynamic="2" navigation="2" arg0="C:/Users/KT/My Projects/dac_interface/lattice_project/dac/source/DAC.lpf(25): Semantic error in &quot;LOCATE COMP &quot;adr_1&quot; SITE &quot;B16&quot; ;&quot;: " arg1="adr_1" arg2="C:/Users/KT/My Projects/dac_interface/lattice_project/dac/source/DAC.lpf" arg3="25"  />
    <postMsg mid="1100679" type="Warning" dynamic="2" navigation="2" arg0="C:/Users/KT/My Projects/dac_interface/lattice_project/dac/source/DAC.lpf(26): Semantic error in &quot;LOCATE COMP &quot;adr_0&quot; SITE &quot;F15&quot; ;&quot;: " arg1="adr_0" arg2="C:/Users/KT/My Projects/dac_interface/lattice_project/dac/source/DAC.lpf" arg3="26"  />
    <postMsg mid="1100679" type="Warning" dynamic="2" navigation="2" arg0="C:/Users/KT/My Projects/dac_interface/lattice_project/dac/source/DAC.lpf(27): Semantic error in &quot;LOCATE COMP &quot;oe_cal_n&quot; SITE &quot;E22&quot; ;&quot;: " arg1="oe_cal_n" arg2="C:/Users/KT/My Projects/dac_interface/lattice_project/dac/source/DAC.lpf" arg3="27"  />
    <postMsg mid="1100679" type="Warning" dynamic="2" navigation="2" arg0="C:/Users/KT/My Projects/dac_interface/lattice_project/dac/source/DAC.lpf(28): Semantic error in &quot;LOCATE COMP &quot;clk_in_fpga&quot; SITE &quot;A19&quot; ;&quot;: " arg1="clk_in_fpga" arg2="C:/Users/KT/My Projects/dac_interface/lattice_project/dac/source/DAC.lpf" arg3="28"  />
    <postMsg mid="1100644" type="Warning" dynamic="2" navigation="2" arg0="C:/Users/KT/My Projects/dac_interface/lattice_project/dac/source/DAC.lpf(29): Semantic error in &quot;IOBUF PORT &quot;led2&quot; IO_TYPE=LVCMOS33 ;&quot;: " arg1="led2" arg2="C:/Users/KT/My Projects/dac_interface/lattice_project/dac/source/DAC.lpf" arg3="29"  />
    <postMsg mid="1100644" type="Warning" dynamic="2" navigation="2" arg0="C:/Users/KT/My Projects/dac_interface/lattice_project/dac/source/DAC.lpf(30): Semantic error in &quot;IOBUF PORT &quot;clk&quot; IO_TYPE=LVDS25 ;&quot;: " arg1="clk" arg2="C:/Users/KT/My Projects/dac_interface/lattice_project/dac/source/DAC.lpf" arg3="30"  />
    <postMsg mid="1100679" type="Warning" dynamic="2" navigation="2" arg0="C:/Users/KT/My Projects/dac_interface/lattice_project/dac/source/DAC.lpf(31): Semantic error in &quot;LOCATE COMP &quot;d_in_7&quot; SITE &quot;A15&quot; ;&quot;: " arg1="d_in_7" arg2="C:/Users/KT/My Projects/dac_interface/lattice_project/dac/source/DAC.lpf" arg3="31"  />
    <postMsg mid="1100679" type="Warning" dynamic="2" navigation="2" arg0="C:/Users/KT/My Projects/dac_interface/lattice_project/dac/source/DAC.lpf(32): Semantic error in &quot;LOCATE COMP &quot;d_in_6&quot; SITE &quot;F14&quot; ;&quot;: " arg1="d_in_6" arg2="C:/Users/KT/My Projects/dac_interface/lattice_project/dac/source/DAC.lpf" arg3="32"  />
    <postMsg mid="1100679" type="Warning" dynamic="2" navigation="2" arg0="C:/Users/KT/My Projects/dac_interface/lattice_project/dac/source/DAC.lpf(33): Semantic error in &quot;LOCATE COMP &quot;d_in_5&quot; SITE &quot;F13&quot; ;&quot;: " arg1="d_in_5" arg2="C:/Users/KT/My Projects/dac_interface/lattice_project/dac/source/DAC.lpf" arg3="33"  />
    <postMsg mid="1100679" type="Warning" dynamic="2" navigation="2" arg0="C:/Users/KT/My Projects/dac_interface/lattice_project/dac/source/DAC.lpf(34): Semantic error in &quot;LOCATE COMP &quot;d_in_4&quot; SITE &quot;B14&quot; ;&quot;: " arg1="d_in_4" arg2="C:/Users/KT/My Projects/dac_interface/lattice_project/dac/source/DAC.lpf" arg3="34"  />
    <postMsg mid="1100679" type="Warning" dynamic="2" navigation="2" arg0="C:/Users/KT/My Projects/dac_interface/lattice_project/dac/source/DAC.lpf(35): Semantic error in &quot;LOCATE COMP &quot;d_in_3&quot; SITE &quot;A14&quot; ;&quot;: " arg1="d_in_3" arg2="C:/Users/KT/My Projects/dac_interface/lattice_project/dac/source/DAC.lpf" arg3="35"  />
    <postMsg mid="1100679" type="Warning" dynamic="2" navigation="2" arg0="C:/Users/KT/My Projects/dac_interface/lattice_project/dac/source/DAC.lpf(36): Semantic error in &quot;LOCATE COMP &quot;d_in_2&quot; SITE &quot;D14&quot; ;&quot;: " arg1="d_in_2" arg2="C:/Users/KT/My Projects/dac_interface/lattice_project/dac/source/DAC.lpf" arg3="36"  />
    <postMsg mid="1100679" type="Warning" dynamic="2" navigation="2" arg0="C:/Users/KT/My Projects/dac_interface/lattice_project/dac/source/DAC.lpf(37): Semantic error in &quot;LOCATE COMP &quot;d_in_1&quot; SITE &quot;D13&quot; ;&quot;: " arg1="d_in_1" arg2="C:/Users/KT/My Projects/dac_interface/lattice_project/dac/source/DAC.lpf" arg3="37"  />
    <postMsg mid="1100679" type="Warning" dynamic="2" navigation="2" arg0="C:/Users/KT/My Projects/dac_interface/lattice_project/dac/source/DAC.lpf(38): Semantic error in &quot;LOCATE COMP &quot;d_in_0&quot; SITE &quot;C14&quot; ;&quot;: " arg1="d_in_0" arg2="C:/Users/KT/My Projects/dac_interface/lattice_project/dac/source/DAC.lpf" arg3="38"  />
    <postMsg mid="1104062" type="Warning" dynamic="2" navigation="0" arg0="" arg1="35 semantic errors"  />
Loading device for application map from file 'ec5a71x74.nph' in environment: C:/lscc/diamond/3.1_x64/ispfpga.
Package Status:                     Final          Version 1.61
Running general design DRC...

Removing unused logic...

Optimizing...

48 CCU2 constant inputs absorbed.

    <postMsg mid="51001030" type="Warning" dynamic="1" navigation="0" arg0="reset_c"  />



Design Summary:
   Number of registers:     86 out of 25746 (0%)
      PFU registers:           62 out of 24948 (0%)
      PIO registers:           24 out of   798 (3%)
   Number of SLICEs:       109 out of 16632 (1%)
      SLICEs as Logic/ROM:    109 out of 16632 (1%)
      SLICEs as RAM:            0 out of  3204 (0%)
      SLICEs as Carry:         10 out of 16632 (0%)
   Number of LUT4s:        187 out of 33264 (1%)
      Number of logic LUTs:      167
      Number of distributed RAM:   0 (0 LUT4s)
      Number of ripple logic:     10 (20 LUT4s)
      Number of shift registers:   0
   Number of PIO sites used: 49 out of 133 (37%)
   Number of PIO FIXEDDELAY:    0
   Number of PCS (SerDes):  0 out of 1 (0%) with bonded PIO sites
   Number of DQSDLLs:  0 out of 2 (0%)
   Number of PLLs:  0 out of 4 (0%)
   Number of DLLs:  0 out of 2 (0%)
   Number of block RAMs:  0 out of 72 (0%)
   Number of CLKDIVs:  0 out of 2 (0%)
   Number of GSRs:  1 out of 1 (100%)
   JTAG used :      No
   Readback used :  No
   Oscillator used :  No
   Startup used :   No
   Notes:-
      1. Total number of LUT4s = (Number of logic LUT4s) + 2*(Number of distributed RAMs) + 2*(Number of ripple logic)
      2. Number of logic LUT4s does not include count of distributed RAM and ripple logic.

   Number Of Mapped DSP Components:
   --------------------------------
   MULT18X18C          0
   MULT9X9C            0
   ALU54A              0
   ALU24A              0
   --------------------------------
   Number of Used DSP MULT Sites:  0 out of 128 (0 %)
   Number of Used DSP ALU Sites:  0 out of 64 (0 %)
   Number of clocks:  1
     Net clock_c: 61 loads, 61 rising, 0 falling (Driver: PIO clock )
   Number of Clock Enables:  18
     Net read_done: 8 loads, 0 LSLICEs
     Net N_57_i: 2 loads, 1 LSLICEs
     Net un1_write_req7_2_0_a2: 8 loads, 0 LSLICEs
     Net new_rx_data_c: 6 loads, 6 LSLICEs
     Net un1_data_param10_0: 4 loads, 4 LSLICEs
     Net bin_byte_counte: 4 loads, 4 LSLICEs
     Net N_460_i: 5 loads, 0 LSLICEs
     Net N_55: 1 loads, 1 LSLICEs
     Net read_op9: 2 loads, 2 LSLICEs
     Net tx_end_p: 2 loads, 2 LSLICEs
     Net N_475_i: 2 loads, 2 LSLICEs
     Net N_51: 1 loads, 1 LSLICEs
     Net un1_write_req7_2_i: 1 loads, 1 LSLICEs
     Net un1_read_req7_2_i: 1 loads, 1 LSLICEs
     Net int_addresse: 4 loads, 4 LSLICEs
     Net un1_bin_write_op5_0: 1 loads, 1 LSLICEs
     Net un1_bin_read_op5_0: 1 loads, 1 LSLICEs
     Net un1_addr_param13_0: 4 loads, 4 LSLICEs
   Number of local set/reset loads for net reset_c merged into GSR:  86
   Number of LSRs:  0
   Number of nets driven by tri-state buffers:  0
   Top 10 highest fanout non-clock nets:
     Net new_rx_data_c: 31 loads
     Net rx_data_c[4]: 24 loads
     Net un28lto0_c: 19 loads
     Net main_sm[4]: 16 loads
     Net VCC: 16 loads
     Net rx_data_c[5]: 15 loads
     Net bin_read_op: 14 loads
     Net main_sm[9]: 14 loads
     Net rx_data_c[2]: 14 loads
     Net rx_data_c[1]: 12 loads
    <postMsg mid="51001230" type="Warning" dynamic="1" navigation="0" arg0="C:/Users/KT/My Projects/dac_interface/lattice_project/dac/source/DAC.lpf"  />
 

   Number of warnings:  38
   Number of errors:    0



Total CPU Time: 1 secs  
Total REAL Time: 7 secs  
Peak Memory Usage: 58 MB

Dumping design to file dac_dac_map.ncd.

mpartrce -p "dac_dac.p2t" -f "dac_dac.p3t" -tf "dac_dac.pt" "dac_dac_map.ncd" "dac_dac.ncd"

---- MParTrce Tool ----
Removing old design directory at request of -rem command line option to this program.
Running par. Please wait . . .

Lattice Place and Route Report for Design "dac_dac_map.ncd"
Thu Apr 24 18:16:48 2014

PAR: Place And Route Diamond (64-bit) 3.1.0.96.
Command Line: par -w -l 5 -i 6 -t 1 -c 0 -e 0 -gui -exp parUseNBR=1:parCDP=auto:parCDR=1:parPathBased=OFF dac_dac_map.ncd dac_dac.dir/5_1.ncd dac_dac.prf
Preference file: dac_dac.prf.
Placement level-cost: 5-1.
Routing Iterations: 6

Loading design for application par from file dac_dac_map.ncd.
Design name: uart_parser
NCD version: 3.2
Vendor:      LATTICE
Device:      LFE3-35EA
Package:     FTBGA256
Performance: 6
Loading device for application par from file 'ec5a71x74.nph' in environment: C:/lscc/diamond/3.1_x64/ispfpga.
Package Status:                     Final          Version 1.61
Performance Hardware Data Status:   Final          Version 35.22
License checked out.


Ignore Preference Error(s):  True
Device utilization summary:

   PIO (prelim)      49/332          14% used
                     49/133          36% bonded
   IOLOGIC           24/328           7% used

   SLICE            109/16632        <1% used

   GSR                1/1           100% used


Number of Signals: 298
Number of Connections: 839
The following 1 signal is selected to use the primary clock routing resources:
    clock_c (driver: clock, clk load #: 61)


No signal is selected as secondary clock.

Signal reset_c is selected as Global Set/Reset.
.
Starting Placer Phase 0.
............
Finished Placer Phase 0.  REAL time: 14 secs 

Starting Placer Phase 1.
....................
Placer score = 89631.
Finished Placer Phase 1.  REAL time: 41 secs 

Starting Placer Phase 2.
.
Placer score =  85578
Finished Placer Phase 2.  REAL time: 41 secs 


------------------ Clock Report ------------------

Global Clock Resources:
  CLK_PIN    : 1 out of 6 (16%)
  PLL        : 0 out of 4 (0%)
  DCS        : 0 out of 8 (0%)

Quadrants All (TL, TR, BL, BR) - Global Clocks:
  PRIMARY "clock_c" from comp "clock" on CLK_PIN site "D9 (PT40A)", clk load = 61

  PRIMARY  : 1 out of 8 (12%)
     DCS   : 0 out of 2 (0%)
     DCC   : 1 out of 6 (16%)
  SECONDARY: 0 out of 8 (0%)

Edge Clocks:
  No edge clock selected.

Regional Secondary Clocks:
  No regional secondary clock selected.

--------------- End of Clock Report ---------------


I/O Usage Summary (final):
   49 out of 332 (14.8%) PIO sites used.
   49 out of 133 (36.8%) bonded PIO sites used.
   Number of PIO comps: 49; differential: 0
   Number of Vref pins used: 0

I/O Bank Usage Summary:
----------+------------------+-------+-----------------+----------------
 I/O Bank | Usage            | Vccio |  Vref1 / Vref2  |  Vtt
----------+------------------+-------+-----------------+----------------
    0     |  15 / 26  ( 57%) | 3.3V  |    OFF / OFF    |               
    1     |   2 / 14  ( 14%) | 3.3V  |    OFF / OFF    |               
    2     |   0 / 8   (  0%) |  OFF  |    OFF / OFF    |               
    3     |   0 / 18  (  0%) |  OFF  |    OFF / OFF    |               
    6     |  11 / 20  ( 55%) | 3.3V  |    OFF / OFF    |               
    7     |  20 / 23  ( 86%) | 3.3V  |    OFF / OFF    |               
    8     |   1 / 24  (  4%) | 3.3V  |    OFF / OFF    |               
----------+------------------+-------+-----------------+----------------

---------------------------------- DSP Report ----------------------------------

DSP Slice #:           1  2  3  4  5  6  7  8  9 10 11 12 13 14 15 16
# of MULT9X9C                                                        
# of MULT18X18C                                                      
# of ALU24A                                                          
# of ALU54A                                                          

DSP Slice #:          17 18 19 20 21 22 23 24 25 26 27 28 29 30 31 32
# of MULT9X9C                                                        
# of MULT18X18C                                                      
# of ALU24A                                                          
# of ALU54A                                                          

------------------------------ End of DSP Report -------------------------------
Total placer CPU time: 36 secs 

Dumping design to file dac_dac.dir/5_1.ncd.


-----------------------------------------------------------------
INFO - par: ASE feature is off due to non timing-driven settings.  
-----------------------------------------------------------------

0 connections routed; 839 unrouted.
Starting router resource preassignment

Completed router resource preassignment. Real time: 56 secs 

Start NBR router at 18:17:44 04/24/14

*****************************************************************
Info: NBR allows conflicts(one node used by more than one signal)
      in the earlier iterations. In each iteration, it tries to  
      solve the conflicts while keeping the critical connections 
      routed as short as possible. The routing process is said to
      be completed when no conflicts exist and all connections   
      are routed.                                                
Note: NBR uses a different method to calculate timing slacks. The
      worst slack and total negative slack may not be the same as
      that in TRCE report. You should always run TRCE to verify  
      your design. Thanks.                                       
*****************************************************************

Start NBR special constraint process at 18:17:44 04/24/14

Start NBR section for initial routing
Level 4, iteration 1
26(0.00%) conflicts; 0(0.00%) untouched conn; 0 (nbr) score; real time: 58 secs 

Info: Initial congestion level at 75% usage is 0
Info: Initial congestion area  at 75% usage is 0 (0.00%)

Start NBR section for normal routing
Level 4, iteration 1
12(0.00%) conflicts; 0(0.00%) untouched conn; 0 (nbr) score; real time: 58 secs 
Level 4, iteration 2
7(0.00%) conflicts; 0(0.00%) untouched conn; 0 (nbr) score; real time: 58 secs 
Level 4, iteration 3
5(0.00%) conflicts; 0(0.00%) untouched conn; 0 (nbr) score; real time: 58 secs 
Level 4, iteration 4
0(0.00%) conflict; 0(0.00%) untouched conn; 0 (nbr) score; real time: 58 secs 

Start NBR section for re-routing
Level 4, iteration 1
0(0.00%) conflict; 0(0.00%) untouched conn; 0 (nbr) score; real time: 58 secs 

Start NBR section for post-routing

End NBR router with 0 unrouted connection

NBR Summary
-----------
  Number of unrouted connections : 0 (0.00%)
  Number of connections with timing violations : 0 (0.00%)
  Estimated worst slack<setup> : <n/a>
  Timing score<setup> : 0
-----------
Notes: The timing info is calculated for SETUP only and all PAR_ADJs are ignored.


Total CPU time 52 secs 
Total REAL time: 58 secs 
Completely routed.
End of route.  839 routed (100.00%); 0 unrouted.
Checking DRC ... 
No errors found.

Hold time timing score: 0, hold timing errors: 0

Timing score: 0 

Dumping design to file dac_dac.dir/5_1.ncd.

PAR_SUMMARY::Number of errors = 0

Total CPU  time to completion: 55 secs 
Total REAL time to completion: 1 mins 2 secs 

par done!

Copyright (c) 1991-1994 by NeoCAD Inc. All rights reserved.
Copyright (c) 1995 AT&T Corp.   All rights reserved.
Copyright (c) 1995-2001 Lucent Technologies Inc.  All rights reserved.
Copyright (c) 2001 Agere Systems   All rights reserved.
Copyright (c) 2002-2014 Lattice Semiconductor Corporation,  All rights reserved.
Exiting par with exit code 0
Exiting mpartrce with exit code 0

ltxt2ptxt  -path "C:/Users/KT/My Projects/dac_interface/lattice_project" "dac_dac.ncd"

Loading design for application ltxt2ptxt from file dac_dac.ncd.
Design name: uart_parser
NCD version: 3.2
Vendor:      LATTICE
Device:      LFE3-35EA
Package:     FTBGA256
Performance: 6
Loading device for application ltxt2ptxt from file 'ec5a71x74.nph' in environment: C:/lscc/diamond/3.1_x64/ispfpga.
Package Status:                     Final          Version 1.61
Performance Hardware Data Status:   Final          Version 35.22

bitgen -w "dac_dac.ncd" -f "dac_dac.t2b" -e -s "C:/Users/KT/My Projects/dac_interface/lattice_project/dac.sec" -k "C:/Users/KT/My Projects/dac_interface/lattice_project/dac.bek" "dac_dac.prf"


BITGEN: Bitstream Generator Diamond (64-bit) 3.1.0.96
Copyright (c) 1991-1994 by NeoCAD Inc. All rights reserved.
Copyright (c) 1995 AT&T Corp.   All rights reserved.
Copyright (c) 1995-2001 Lucent Technologies Inc.  All rights reserved.
Copyright (c) 2001 Agere Systems   All rights reserved.
Copyright (c) 2002-2014 Lattice Semiconductor Corporation,  All rights reserved.


Loading design for application Bitgen from file dac_dac.ncd.
Design name: uart_parser
NCD version: 3.2
Vendor:      LATTICE
Device:      LFE3-35EA
Package:     FTBGA256
Performance: 6
Loading device for application Bitgen from file 'ec5a71x74.nph' in environment: C:/lscc/diamond/3.1_x64/ispfpga.
Package Status:                     Final          Version 1.61
Performance Hardware Data Status:   Final          Version 35.22

Running DRC.
DRC detected 0 errors and 0 warnings.
Reading Preference File from dac_dac.prf...

Preference Summary:
+---------------------------------+---------------------------------+
|  Preference                     |  Current Setting                |
+---------------------------------+---------------------------------+
|                         RamCfg  |                        Reset**  |
+---------------------------------+---------------------------------+
|                        CfgMode  |                      Disable**  |
+---------------------------------+---------------------------------+
|                        DONE_EX  |                          OFF**  |
+---------------------------------+---------------------------------+
|                        DONE_OD  |                           ON**  |
+---------------------------------+---------------------------------+
|                     MCCLK_FREQ  |                          2.5**  |
+---------------------------------+---------------------------------+
|                  CONFIG_SECURE  |                          OFF**  |
+---------------------------------+---------------------------------+
|                    CONFIG_MODE  |                          SPI**  |
+---------------------------------+---------------------------------+
|                        WAKE_UP  |                           21**  |
+---------------------------------+---------------------------------+
|                     PERSISTENT  |                          OFF**  |
+---------------------------------+---------------------------------+
|                   WAKE_ON_LOCK  |                          OFF**  |
+---------------------------------+---------------------------------+
|                             ES  |                           No**  |
+---------------------------------+---------------------------------+
|                COMPRESS_CONFIG  |                          OFF**  |
+---------------------------------+---------------------------------+
|                     ENABLE_NDR  |                          OFF**  |
+---------------------------------+---------------------------------+
|               CONFIG_IOVOLTAGE  |                          2.5**  |
+---------------------------------+---------------------------------+
|                         STRTUP  |                     EXTERNAL**  |
+---------------------------------+---------------------------------+
 *  Default setting.
 ** The specified setting matches the default setting.


Creating bit map...
 
Bitstream Status:   Final           Version 1.39
 
Saving bit stream in "dac_dac.bit".
