C:\lscc\diamond\3.5_x64\synpbase\bin64\c_hdl.exe  -osyn  "C:\Users\KT\My Projects\dac_interface\lattice_project\dac\synwork\dac_dac_comp.srs"  -top  top  -hdllog  "C:\Users\KT\My Projects\dac_interface\lattice_project\dac\synlog\dac_dac_compiler.srr"  -encrypt  -mp  1  -verilog  -prodtype  synplify_pro  -dspmac -fixsmult -infer_seqShift -nram -sdff_counter -divnmod -nostructver   -I "C:\Users\KT\My Projects\dac_interface\lattice_project"  -I "C:\Users\KT\My Projects\dac_interface\lattice_project\dac\"  -I C:\lscc\diamond\3.5_x64\synpbase\lib   -v2001  -devicelib  C:\lscc\diamond\3.5_x64\synpbase\lib\lucent\ecp3.v  -devicelib  C:\lscc\diamond\3.5_x64\synpbase\lib\lucent\pmi_def.v  -encrypt  -pro  -dmgen  "C:\Users\KT\My Projects\dac_interface\lattice_project\dac\dm"  -ui -fid2 -ram -sharing on -ll 2000 -autosm  -D_MULTIPLE_FILE_COMPILATION_UNIT_  -lib work "C:\Users\KT\My Projects\dac_interface\lattice_project\dac\source\top.v" -lib work "C:\Users\KT\My Projects\dac_interface\lattice_project\dac\source\ram.v" -lib work "C:\Users\KT\My Projects\dac_interface\lattice_project\dac\source\sdr_15bit.v" -lib work "C:\Users\KT\My Projects\dac_interface\lattice_project\dac\source\ddr1.v" -lib work "C:\Users\KT\My Projects\dac_interface\lattice_project\dac\source\pll_filter.v" -lib work "C:\Users\KT\My Projects\dac_interface\lattice_project\dac\source\uart_parser.v" -lib work "C:\Users\KT\My Projects\dac_interface\lattice_project\dac\source\uart_rx.v" -lib work "C:\Users\KT\My Projects\dac_interface\lattice_project\dac\source\uart_top.v" -lib work "C:\Users\KT\My Projects\dac_interface\lattice_project\dac\source\uart_tx.v" -lib work "C:\Users\KT\My Projects\dac_interface\lattice_project\dac\source\baud_gen.v" 
rc:0 success:1
C:\Users\KT\My Projects\dac_interface\lattice_project\dac\synwork\dac_dac_comp.srs|o|1441996787|18729
C:\Users\KT\My Projects\dac_interface\lattice_project\dac\synlog\dac_dac_compiler.srr|o|1441996787|6313
C:\lscc\diamond\3.5_x64\synpbase\lib\lucent\ecp3.v|i|1429020374|120358
C:\lscc\diamond\3.5_x64\synpbase\lib\lucent\pmi_def.v|i|1429020374|40584
"C:\Users\KT\My|i|0|0
Projects\dac_interface\lattice_project\dac\source\top.v"|i|0|0
"C:\Users\KT\My|i|0|0
Projects\dac_interface\lattice_project\dac\source\ram.v"|i|0|0
"C:\Users\KT\My|i|0|0
Projects\dac_interface\lattice_project\dac\source\sdr_15bit.v"|i|0|0
"C:\Users\KT\My|i|0|0
Projects\dac_interface\lattice_project\dac\source\ddr1.v"|i|0|0
"C:\Users\KT\My|i|0|0
Projects\dac_interface\lattice_project\dac\source\pll_filter.v"|i|0|0
"C:\Users\KT\My|i|0|0
Projects\dac_interface\lattice_project\dac\source\uart_parser.v"|i|0|0
"C:\Users\KT\My|i|0|0
Projects\dac_interface\lattice_project\dac\source\uart_rx.v"|i|0|0
"C:\Users\KT\My|i|0|0
Projects\dac_interface\lattice_project\dac\source\uart_top.v"|i|0|0
"C:\Users\KT\My|i|0|0
Projects\dac_interface\lattice_project\dac\source\uart_tx.v"|i|0|0
"C:\Users\KT\My|i|0|0
Projects\dac_interface\lattice_project\dac\source\baud_gen.v"|i|0|0
C:\lscc\diamond\3.5_x64\synpbase\bin\c_hdl.exe|i|1429565272|1298944
C:\lscc\diamond\3.5_x64\synpbase\bin64\c_hdl.exe|i|1429565466|1901568
